C51 COMPILER V9.05   SYSTEM_INIT                                                           07/16/2018 20:28:45 PAGE 1   


C51 COMPILER V9.05, COMPILATION OF MODULE SYSTEM_INIT
OBJECT MODULE PLACED IN .\system_init.obj
COMPILER INVOKED BY: C:\Keil\C51\BIN\C51.EXE ..\Application\system_init.c LARGE BROWSE INCDIR(..\Application;..\Drive) D
                    -EBUG OBJECTEXTEND PRINT(.\system_init.lst) TABS(2) OBJECT(.\system_init.obj)

line level    source

   1          /*-----------------------------------------------------------
   2               包含头文件
   3          -----------------------------------------------------------*/
   4          #include "system_init.h"
   5          #include "c8051f020.h"
   6          #include "common.h"
   7          #include "CharLCD.h"
   8          
   9          //--------------------------------------------------------------
  10          // 函数功能: 系统初始化
  11          // 入口参数: 无
  12          // 返回参数: 无
  13          //  全局变量: 无   
  14          // 备注：
  15          //--------------------------------------------------------------
  16          void init(void)
  17          {
  18   1        WDTCN = 0xDE;         // 关闭看门狗
  19   1        WDTCN = 0xAD;
  20   1      
  21   1        PORT_Init();          //端口初始化
  22   1        OSCILLATOR_Init ();   //时钟初始化
  23   1      
  24   1        LCM_Init();           //液晶初始化
  25   1      }
  26          
  27          
  28          //----------------------------------------------------------------------------
  29          //          端口初始化
  30          //----------------------------------------------------------------------------
  31          void PORT_Init (void)          
  32          { 
  33   1        P0MDOUT  = 0xFF;
  34   1        P1MDOUT  = 0xFF;
  35   1        P2MDOUT  = 0xFF;
  36   1      
  37   1        P74OUT   = 0X0C;   // 用于彩屏及矩阵键盘，矩阵键盘高四位有接上拉电阻，所以设置成漏极开路
  38   1        XBR2     = 0x40;
  39   1      }
  40          
  41          //----------------------------------------------------------------------------
  42          //      时钟初始化
  43          //----------------------------------------------------------------------------
  44          
  45          void OSCILLATOR_Init (void)
  46          {
  47   1      
  48   1          int i;                      // delay counter
  49   1      
  50   1          OSCXCN = 0x67;              // start external oscillator with
  51   1                                      // 22.1184MHz crystal
  52   1          for (i=0; i < 256; i++);    // XTLVLD blanking interval (>1ms)
  53   1      
  54   1          while (!(OSCXCN & 0x80)) ;  // Wait for crystal osc. to settle
C51 COMPILER V9.05   SYSTEM_INIT                                                           07/16/2018 20:28:45 PAGE 2   

  55   1      
  56   1          OSCICN = 0x88;              // select external oscillator as SYSCLK
  57   1                                      // source and enable missing clock                              
  58   1      }
  59          
  60          //-----------------------------------------------------------------------------
  61          // End Of File
  62          //-----------------------------------------------------------------------------


MODULE INFORMATION:   STATIC OVERLAYABLE
   CODE SIZE        =     59    ----
   CONSTANT SIZE    =   ----    ----
   XDATA SIZE       =   ----    ----
   PDATA SIZE       =   ----    ----
   DATA SIZE        =   ----    ----
   IDATA SIZE       =   ----    ----
   BIT SIZE         =   ----    ----
END OF MODULE INFORMATION.


C51 COMPILATION COMPLETE.  0 WARNING(S),  0 ERROR(S)
